{"name": "Creating a new board", "status": "broken", "statusDetails": {"message": "selenium.common.exceptions.NoSuchElementException: Message: no such element: Unable to locate element: {\"method\":\"css selector\",\"selector\":\"[id=\"create-board-tile\"]\"}\n  (Session info: chrome=106.0.5249.103)\nStacktrace:\n0   chromedriver                        0x0000000107dcdde8 chromedriver + 4500968\n1   chromedriver                        0x0000000107d53953 chromedriver + 4000083\n2   chromedriver                        0x00000001079e810a chromedriver + 413962\n3   chromedriver                        0x0000000107a1fa63 chromedriver + 641635\n4   chromedriver                        0x0000000107a1fc51 chromedriver + 642129\n5   chromedriver                        0x0000000107a52134 chromedriver + 848180\n6   chromedriver                        0x0000000107a3c9ed chromedriver + 760301\n7   chromedriver                        0x0000000107a4fda9 chromedriver + 839081\n8   chromedriver                        0x0000000107a3c7f3 chromedriver + 759795\n9   chromedriver                        0x0000000107a12b90 chromedriver + 588688\n10  chromedriver                        0x0000000107a13c75 chromedriver + 593013\n11  chromedriver                        0x0000000107d9f1cd chromedriver + 4309453\n12  chromedriver                        0x0000000107da3a45 chromedriver + 4328005\n13  chromedriver                        0x0000000107da9c1f chromedriver + 4353055\n14  chromedriver                        0x0000000107da476a chromedriver + 4331370\n15  chromedriver                        0x0000000107d7a96c chromedriver + 4159852\n16  chromedriver                        0x0000000107dbfba8 chromedriver + 4443048\n17  chromedriver                        0x0000000107dbfd43 chromedriver + 4443459\n18  chromedriver                        0x0000000107dd509e chromedriver + 4530334\n19  libsystem_pthread.dylib             0x00007ff81cc8e4f4 _pthread_start + 125\n20  libsystem_pthread.dylib             0x00007ff81cc8a00f thread_start + 15", "trace": "browser = <selenium.webdriver.chrome.webdriver.WebDriver (session=\"57517fa3b99074df3596bcd17d60154e\")>\n\n    @allure.feature(\"Board\")\n    @allure.title(\"Creating a new board\")\n    def test_create_board(browser):\n        with allure.step('Preconditions. Authorization in Trello'):\n            auth_page = AuthPage(browser)\n            auth_page.go_to_site()\n            auth_page.enter_email('khmelnitskaya.daria@gmail.com')\n            auth_page.click_go_button()\n            sleep(5)\n            auth_page.enter_password('123DashaDa')\n            auth_page.click_login_button()\n    \n        with allure.step('Preconditions. Выполняем предварительные условия'):\n            boards_page = BoardsPage(browser)\n            sleep(15)\n>           boards_page.click_on_create_board()\n\ntest.py:25: \n_ _ _ _ _ _ _ _ _ _ _ _ _ _ _ _ _ _ _ _ _ _ _ _ _ _ _ _ _ _ _ _ _ _ _ _ _ _ _ _ _ _ _ _ _ _ _ _ _ _ _ _ _ _ _ _ _ _ _ _ _ _ _ _ _ _ _ _ _ _ _ _ _ _ _ _ _ _ _ _ _ _ _ _ _ _ _ _ _ _ _ _ _ _ _ _ _ _ _ _ _ _ _ _ _ _ _ _ _ _\n../PageObject/BoardsPage.py:19: in click_on_create_board\n    return self.driver.find_element(*BoardsPageLocators.CREATE_BOARD).click()\n../venv/lib/python3.8/site-packages/selenium/webdriver/remote/webdriver.py:856: in find_element\n    return self.execute(Command.FIND_ELEMENT, {\n../venv/lib/python3.8/site-packages/selenium/webdriver/remote/webdriver.py:429: in execute\n    self.error_handler.check_response(response)\n_ _ _ _ _ _ _ _ _ _ _ _ _ _ _ _ _ _ _ _ _ _ _ _ _ _ _ _ _ _ _ _ _ _ _ _ _ _ _ _ _ _ _ _ _ _ _ _ _ _ _ _ _ _ _ _ _ _ _ _ _ _ _ _ _ _ _ _ _ _ _ _ _ _ _ _ _ _ _ _ _ _ _ _ _ _ _ _ _ _ _ _ _ _ _ _ _ _ _ _ _ _ _ _ _ _ _ _ _ _\n\nself = <selenium.webdriver.remote.errorhandler.ErrorHandler object at 0x7fd388783580>\nresponse = {'status': 404, 'value': '{\"value\":{\"error\":\"no such element\",\"message\":\"no such element: Unable to locate element: {\\...ff81cc8e4f4 _pthread_start + 125\\\\n20  libsystem_pthread.dylib             0x00007ff81cc8a00f thread_start + 15\\\\n\"}}'}\n\n    def check_response(self, response: Dict[str, Any]) -> None:\n        \"\"\"\n        Checks that a JSON response from the WebDriver does not have an error.\n    \n        :Args:\n         - response - The JSON response from the WebDriver server as a dictionary\n           object.\n    \n        :Raises: If the response contains an error message.\n        \"\"\"\n        status = response.get('status', None)\n        if not status or status == ErrorCode.SUCCESS:\n            return\n        value = None\n        message = response.get(\"message\", \"\")\n        screen: str = response.get(\"screen\", \"\")\n        stacktrace = None\n        if isinstance(status, int):\n            value_json = response.get('value', None)\n            if value_json and isinstance(value_json, str):\n                import json\n                try:\n                    value = json.loads(value_json)\n                    if len(value.keys()) == 1:\n                        value = value['value']\n                    status = value.get('error', None)\n                    if not status:\n                        status = value.get(\"status\", ErrorCode.UNKNOWN_ERROR)\n                        message = value.get(\"value\") or value.get(\"message\")\n                        if not isinstance(message, str):\n                            value = message\n                            message = message.get('message')\n                    else:\n                        message = value.get('message', None)\n                except ValueError:\n                    pass\n    \n        exception_class: Type[WebDriverException]\n        if status in ErrorCode.NO_SUCH_ELEMENT:\n            exception_class = NoSuchElementException\n        elif status in ErrorCode.NO_SUCH_FRAME:\n            exception_class = NoSuchFrameException\n        elif status in ErrorCode.NO_SUCH_SHADOW_ROOT:\n            exception_class = NoSuchShadowRootException\n        elif status in ErrorCode.NO_SUCH_WINDOW:\n            exception_class = NoSuchWindowException\n        elif status in ErrorCode.STALE_ELEMENT_REFERENCE:\n            exception_class = StaleElementReferenceException\n        elif status in ErrorCode.ELEMENT_NOT_VISIBLE:\n            exception_class = ElementNotVisibleException\n        elif status in ErrorCode.INVALID_ELEMENT_STATE:\n            exception_class = InvalidElementStateException\n        elif status in ErrorCode.INVALID_SELECTOR \\\n                or status in ErrorCode.INVALID_XPATH_SELECTOR \\\n                or status in ErrorCode.INVALID_XPATH_SELECTOR_RETURN_TYPER:\n            exception_class = InvalidSelectorException\n        elif status in ErrorCode.ELEMENT_IS_NOT_SELECTABLE:\n            exception_class = ElementNotSelectableException\n        elif status in ErrorCode.ELEMENT_NOT_INTERACTABLE:\n            exception_class = ElementNotInteractableException\n        elif status in ErrorCode.INVALID_COOKIE_DOMAIN:\n            exception_class = InvalidCookieDomainException\n        elif status in ErrorCode.UNABLE_TO_SET_COOKIE:\n            exception_class = UnableToSetCookieException\n        elif status in ErrorCode.TIMEOUT:\n            exception_class = TimeoutException\n        elif status in ErrorCode.SCRIPT_TIMEOUT:\n            exception_class = TimeoutException\n        elif status in ErrorCode.UNKNOWN_ERROR:\n            exception_class = WebDriverException\n        elif status in ErrorCode.UNEXPECTED_ALERT_OPEN:\n            exception_class = UnexpectedAlertPresentException\n        elif status in ErrorCode.NO_ALERT_OPEN:\n            exception_class = NoAlertPresentException\n        elif status in ErrorCode.IME_NOT_AVAILABLE:\n            exception_class = ImeNotAvailableException\n        elif status in ErrorCode.IME_ENGINE_ACTIVATION_FAILED:\n            exception_class = ImeActivationFailedException\n        elif status in ErrorCode.MOVE_TARGET_OUT_OF_BOUNDS:\n            exception_class = MoveTargetOutOfBoundsException\n        elif status in ErrorCode.JAVASCRIPT_ERROR:\n            exception_class = JavascriptException\n        elif status in ErrorCode.SESSION_NOT_CREATED:\n            exception_class = SessionNotCreatedException\n        elif status in ErrorCode.INVALID_ARGUMENT:\n            exception_class = InvalidArgumentException\n        elif status in ErrorCode.NO_SUCH_COOKIE:\n            exception_class = NoSuchCookieException\n        elif status in ErrorCode.UNABLE_TO_CAPTURE_SCREEN:\n            exception_class = ScreenshotException\n        elif status in ErrorCode.ELEMENT_CLICK_INTERCEPTED:\n            exception_class = ElementClickInterceptedException\n        elif status in ErrorCode.INSECURE_CERTIFICATE:\n            exception_class = InsecureCertificateException\n        elif status in ErrorCode.INVALID_COORDINATES:\n            exception_class = InvalidCoordinatesException\n        elif status in ErrorCode.INVALID_SESSION_ID:\n            exception_class = InvalidSessionIdException\n        elif status in ErrorCode.UNKNOWN_METHOD:\n            exception_class = UnknownMethodException\n        else:\n            exception_class = WebDriverException\n        if not value:\n            value = response['value']\n        if isinstance(value, str):\n            raise exception_class(value)\n        if message == \"\" and 'message' in value:\n            message = value['message']\n    \n        screen = None  # type: ignore[assignment]\n        if 'screen' in value:\n            screen = value['screen']\n    \n        stacktrace = None\n        st_value = value.get('stackTrace') or value.get('stacktrace')\n        if st_value:\n            if isinstance(st_value, str):\n                stacktrace = st_value.split('\\n')\n            else:\n                stacktrace = []\n                try:\n                    for frame in st_value:\n                        line = frame.get(\"lineNumber\", \"\")\n                        file = frame.get(\"fileName\", \"<anonymous>\")\n                        if line:\n                            file = f\"{file}:{line}\"\n                        meth = frame.get('methodName', '<anonymous>')\n                        if 'className' in frame:\n                            meth = \"{}.{}\".format(frame['className'], meth)\n                        msg = \"    at %s (%s)\"\n                        msg = msg % (meth, file)\n                        stacktrace.append(msg)\n                except TypeError:\n                    pass\n        if exception_class == UnexpectedAlertPresentException:\n            alert_text = None\n            if 'data' in value:\n                alert_text = value['data'].get('text')\n            elif 'alert' in value:\n                alert_text = value['alert'].get('text')\n            raise exception_class(message, screen, stacktrace, alert_text)  # type: ignore[call-arg]  # mypy is not smart enough here\n>       raise exception_class(message, screen, stacktrace)\nE       selenium.common.exceptions.NoSuchElementException: Message: no such element: Unable to locate element: {\"method\":\"css selector\",\"selector\":\"[id=\"create-board-tile\"]\"}\nE         (Session info: chrome=106.0.5249.103)\nE       Stacktrace:\nE       0   chromedriver                        0x0000000107dcdde8 chromedriver + 4500968\nE       1   chromedriver                        0x0000000107d53953 chromedriver + 4000083\nE       2   chromedriver                        0x00000001079e810a chromedriver + 413962\nE       3   chromedriver                        0x0000000107a1fa63 chromedriver + 641635\nE       4   chromedriver                        0x0000000107a1fc51 chromedriver + 642129\nE       5   chromedriver                        0x0000000107a52134 chromedriver + 848180\nE       6   chromedriver                        0x0000000107a3c9ed chromedriver + 760301\nE       7   chromedriver                        0x0000000107a4fda9 chromedriver + 839081\nE       8   chromedriver                        0x0000000107a3c7f3 chromedriver + 759795\nE       9   chromedriver                        0x0000000107a12b90 chromedriver + 588688\nE       10  chromedriver                        0x0000000107a13c75 chromedriver + 593013\nE       11  chromedriver                        0x0000000107d9f1cd chromedriver + 4309453\nE       12  chromedriver                        0x0000000107da3a45 chromedriver + 4328005\nE       13  chromedriver                        0x0000000107da9c1f chromedriver + 4353055\nE       14  chromedriver                        0x0000000107da476a chromedriver + 4331370\nE       15  chromedriver                        0x0000000107d7a96c chromedriver + 4159852\nE       16  chromedriver                        0x0000000107dbfba8 chromedriver + 4443048\nE       17  chromedriver                        0x0000000107dbfd43 chromedriver + 4443459\nE       18  chromedriver                        0x0000000107dd509e chromedriver + 4530334\nE       19  libsystem_pthread.dylib             0x00007ff81cc8e4f4 _pthread_start + 125\nE       20  libsystem_pthread.dylib             0x00007ff81cc8a00f thread_start + 15\n\n../venv/lib/python3.8/site-packages/selenium/webdriver/remote/errorhandler.py:243: NoSuchElementException"}, "steps": [{"name": "Preconditions. Authorization in Trello", "status": "passed", "start": 1665170229014, "stop": 1665170235550}, {"name": "Preconditions. Выполняем предварительные условия", "status": "broken", "statusDetails": {"message": "selenium.common.exceptions.NoSuchElementException: Message: no such element: Unable to locate element: {\"method\":\"css selector\",\"selector\":\"[id=\"create-board-tile\"]\"}\n  (Session info: chrome=106.0.5249.103)\nStacktrace:\n0   chromedriver                        0x0000000107dcdde8 chromedriver + 4500968\n1   chromedriver                        0x0000000107d53953 chromedriver + 4000083\n2   chromedriver                        0x00000001079e810a chromedriver + 413962\n3   chromedriver                        0x0000000107a1fa63 chromedriver + 641635\n4   chromedriver                        0x0000000107a1fc51 chromedriver + 642129\n5   chromedriver                        0x0000000107a52134 chromedriver + 848180\n6   chromedriver                        0x0000000107a3c9ed chromedriver + 760301\n7   chromedriver                        0x0000000107a4fda9 chromedriver + 839081\n8   chromedriver                        0x0000000107a3c7f3 chromedriver + 759795\n9   chromedriver                        0x0000000107a12b90 chromedriver + 588688\n10  chromedriver                        0x0000000107a13c75 chromedriver + 593013\n11  chromedriver                        0x0000000107d9f1cd chromedriver + 4309453\n12  chromedriver                        0x0000000107da3a45 chromedriver + 4328005\n13  chromedriver                        0x0000000107da9c1f chromedriver + 4353055\n14  chromedriver                        0x0000000107da476a chromedriver + 4331370\n15  chromedriver                        0x0000000107d7a96c chromedriver + 4159852\n16  chromedriver                        0x0000000107dbfba8 chromedriver + 4443048\n17  chromedriver                        0x0000000107dbfd43 chromedriver + 4443459\n18  chromedriver                        0x0000000107dd509e chromedriver + 4530334\n19  libsystem_pthread.dylib             0x00007ff81cc8e4f4 _pthread_start + 125\n20  libsystem_pthread.dylib             0x00007ff81cc8a00f thread_start + 15\n\n", "trace": "  File \"/Users/dashakhmelnitskaya/PycharmProjects/knab/Tests/test.py\", line 25, in test_create_board\n    boards_page.click_on_create_board()\n  File \"/Users/dashakhmelnitskaya/PycharmProjects/knab/PageObject/BoardsPage.py\", line 19, in click_on_create_board\n    return self.driver.find_element(*BoardsPageLocators.CREATE_BOARD).click()\n  File \"/Users/dashakhmelnitskaya/PycharmProjects/knab/venv/lib/python3.8/site-packages/selenium/webdriver/remote/webdriver.py\", line 856, in find_element\n    return self.execute(Command.FIND_ELEMENT, {\n  File \"/Users/dashakhmelnitskaya/PycharmProjects/knab/venv/lib/python3.8/site-packages/selenium/webdriver/remote/webdriver.py\", line 429, in execute\n    self.error_handler.check_response(response)\n  File \"/Users/dashakhmelnitskaya/PycharmProjects/knab/venv/lib/python3.8/site-packages/selenium/webdriver/remote/errorhandler.py\", line 243, in check_response\n    raise exception_class(message, screen, stacktrace)\n"}, "start": 1665170235550, "stop": 1665170250565}], "start": 1665170229014, "stop": 1665170250566, "uuid": "95355274-62c3-4a06-80c0-bee9b3863e82", "historyId": "8637d3472bfa785b2cdd08398ba806c1", "testCaseId": "764083b1234f2a383f57b09d2e18c900", "fullName": "test#test_create_board", "labels": [{"name": "feature", "value": "Board"}, {"name": "suite", "value": "test"}, {"name": "host", "value": "Dashas-MacBook-Pro.local"}, {"name": "thread", "value": "19076-MainThread"}, {"name": "framework", "value": "pytest"}, {"name": "language", "value": "cpython3"}, {"name": "package", "value": "test"}]}